# JRE version: Java(TM) SE Runtime Environment (16.0+36) (build 16+36-2231)
# Java VM: Java HotSpot(TM) 64-Bit Server VM (16+36-2231, mixed mode, sharing, tiered, compressed oops, g1 gc, windows-amd64)
GC Precious Log:
 CPUs: 4 total, 4 available
 Memory: 3993M
 Large Page Support: Disabled
 NUMA Support: Disabled
 Compressed Oops: Enabled (32-bit)
 Heap Region Size: 1M
 Heap Min Capacity: 8M
 Heap Initial Capacity: 8M
 Heap Max Capacity: 1000M
 Pre-touch: Disabled
 Parallel Workers: 4
 Concurrent Workers: 1
 Concurrent Refinement Workers: 4
 Periodic GC: Disabled
Heap:
 garbage-first heap   total 8192K, used 2548K [0x00000000c1800000, 0x0000000100000000)
  region size 1024K, 1 young (1024K), 1 survivors (1024K)
 Metaspace       used 7683K, committed 7872K, reserved 1064960K
  class space    used 879K, committed 960K, reserved 1048576K
GC Heap History (9 events):
Event: 0.272 GC heap before
{Heap before GC invocations=0 (full 0):
 garbage-first heap   total 8192K, used 3072K [0x00000000c1800000, 0x0000000100000000)
  region size 1024K, 3 young (3072K), 0 survivors (0K)
 Metaspace       used 2478K, committed 2688K, reserved 1056768K
  class space    used 270K, committed 384K, reserved 1048576K
}
Event: 0.276 GC heap after
{Heap after GC invocations=1 (full 0):
 garbage-first heap   total 8192K, used 1100K [0x00000000c1800000, 0x0000000100000000)
  region size 1024K, 1 young (1024K), 1 survivors (1024K)
 Metaspace       used 2478K, committed 2688K, reserved 1056768K
  class space    used 270K, committed 384K, reserved 1048576K
}
Event: 0.348 GC heap before
{Heap before GC invocations=1 (full 0):
 garbage-first heap   total 8192K, used 2124K [0x00000000c1800000, 0x0000000100000000)
  region size 1024K, 2 young (2048K), 1 survivors (1024K)
 Metaspace       used 3896K, committed 4096K, reserved 1056768K
  class space    used 481K, committed 576K, reserved 1048576K
}
Event: 0.352 GC heap after
{Heap after GC invocations=2 (full 0):
 garbage-first heap   total 8192K, used 1625K [0x00000000c1800000, 0x0000000100000000)
  region size 1024K, 1 young (1024K), 1 survivors (1024K)
 Metaspace       used 3896K, committed 4096K, reserved 1056768K
  class space    used 481K, committed 576K, reserved 1048576K
}
Event: 0.453 GC heap before
{Heap before GC invocations=2 (full 0):
 garbage-first heap   total 8192K, used 2649K [0x00000000c1800000, 0x0000000100000000)
  region size 1024K, 2 young (2048K), 1 survivors (1024K)
 Metaspace       used 5951K, committed 6080K, reserved 1064960K
  class space    used 686K, committed 768K, reserved 1048576K
}
Event: 0.455 GC heap after
{Heap after GC invocations=3 (full 0):
 garbage-first heap   total 8192K, used 1984K [0x00000000c1800000, 0x0000000100000000)
  region size 1024K, 1 young (1024K), 1 survivors (1024K)
 Metaspace       used 5951K, committed 6080K, reserved 1064960K
  class space    used 686K, committed 768K, reserved 1048576K
}
Event: 0.519 GC heap before
{Heap before GC invocations=3 (full 0):
 garbage-first heap   total 8192K, used 3008K [0x00000000c1800000, 0x0000000100000000)
  region size 1024K, 2 young (2048K), 1 survivors (1024K)
 Metaspace       used 6983K, committed 7168K, reserved 1064960K
  class space    used 820K, committed 896K, reserved 1048576K
}
Event: 0.521 GC heap after
{Heap after GC invocations=4 (full 0):
 garbage-first heap   total 8192K, used 2314K [0x00000000c1800000, 0x0000000100000000)
  region size 1024K, 1 young (1024K), 1 survivors (1024K)
 Metaspace       used 6983K, committed 7168K, reserved 1064960K
  class space    used 820K, committed 896K, reserved 1048576K
}
Event: 0.583 GC heap before
{Heap before GC invocations=4 (full 0):
 garbage-first heap   total 8192K, used 3338K [0x00000000c1800000, 0x0000000100000000)
  region size 1024K, 2 young (2048K), 1 survivors (1024K)
 Metaspace       used 7683K, committed 7872K, reserved 1064960K
  class space    used 879K, committed 960K, reserved 1048576K
}

