# JRE version: Java(TM) SE Runtime Environment (16.0+36) (build 16+36-2231)
# Java VM: Java HotSpot(TM) 64-Bit Server VM (16+36-2231, mixed mode, sharing, tiered, compressed oops, g1 gc, windows-amd64)
GC Precious Log:
 CPUs: 4 total, 4 available
 Memory: 3993M
 Large Page Support: Disabled
 NUMA Support: Disabled
 Compressed Oops: Enabled (32-bit)
 Heap Region Size: 1M
 Heap Min Capacity: 8M
 Heap Initial Capacity: 8M
 Heap Max Capacity: 1000M
 Pre-touch: Disabled
 Parallel Workers: 4
 Concurrent Workers: 1
 Concurrent Refinement Workers: 4
 Periodic GC: Disabled
Heap:
 garbage-first heap   total 18432K, used 8498K [0x00000000c1800000, 0x0000000100000000)
  region size 1024K, 1 young (1024K), 1 survivors (1024K)
 Metaspace       used 9664K, committed 9920K, reserved 1064960K
  class space    used 1092K, committed 1216K, reserved 1048576K
GC Heap History (20 events):
Event: 0.472 GC heap after
{Heap after GC invocations=3 (full 0):
 garbage-first heap   total 8192K, used 1949K [0x00000000c1800000, 0x0000000100000000)
  region size 1024K, 1 young (1024K), 1 survivors (1024K)
 Metaspace       used 5947K, committed 6080K, reserved 1064960K
  class space    used 686K, committed 768K, reserved 1048576K
}
Event: 0.540 GC heap before
{Heap before GC invocations=3 (full 0):
 garbage-first heap   total 8192K, used 2973K [0x00000000c1800000, 0x0000000100000000)
  region size 1024K, 2 young (2048K), 1 survivors (1024K)
 Metaspace       used 6982K, committed 7168K, reserved 1064960K
  class space    used 821K, committed 896K, reserved 1048576K
}
Event: 0.543 GC heap after
{Heap after GC invocations=4 (full 0):
 garbage-first heap   total 8192K, used 2307K [0x00000000c1800000, 0x0000000100000000)
  region size 1024K, 1 young (1024K), 1 survivors (1024K)
 Metaspace       used 6982K, committed 7168K, reserved 1064960K
  class space    used 821K, committed 896K, reserved 1048576K
}
Event: 0.611 GC heap before
{Heap before GC invocations=4 (full 0):
 garbage-first heap   total 8192K, used 3331K [0x00000000c1800000, 0x0000000100000000)
  region size 1024K, 2 young (2048K), 1 survivors (1024K)
 Metaspace       used 7708K, committed 7872K, reserved 1064960K
  class space    used 877K, committed 960K, reserved 1048576K
}
Event: 0.614 GC heap after
{Heap after GC invocations=5 (full 0):
 garbage-first heap   total 11264K, used 2569K [0x00000000c1800000, 0x0000000100000000)
  region size 1024K, 1 young (1024K), 1 survivors (1024K)
 Metaspace       used 7708K, committed 7872K, reserved 1064960K
  class space    used 877K, committed 960K, reserved 1048576K
}
Event: 0.721 GC heap before
{Heap before GC invocations=5 (full 0):
 garbage-first heap   total 11264K, used 4617K [0x00000000c1800000, 0x0000000100000000)
  region size 1024K, 3 young (3072K), 1 survivors (1024K)
 Metaspace       used 8316K, committed 8448K, reserved 1064960K
  class space    used 954K, committed 1024K, reserved 1048576K
}
Event: 0.726 GC heap after
{Heap after GC invocations=6 (full 0):
 garbage-first heap   total 11264K, used 3474K [0x00000000c1800000, 0x0000000100000000)
  region size 1024K, 1 young (1024K), 1 survivors (1024K)
 Metaspace       used 8316K, committed 8448K, reserved 1064960K
  class space    used 954K, committed 1024K, reserved 1048576K
}
Event: 0.806 GC heap before
{Heap before GC invocations=6 (full 0):
 garbage-first heap   total 11264K, used 5522K [0x00000000c1800000, 0x0000000100000000)
  region size 1024K, 3 young (3072K), 1 survivors (1024K)
 Metaspace       used 8651K, committed 8832K, reserved 1064960K
  class space    used 995K, committed 1088K, reserved 1048576K
}
Event: 0.809 GC heap after
{Heap after GC invocations=7 (full 0):
 garbage-first heap   total 11264K, used 4025K [0x00000000c1800000, 0x0000000100000000)
  region size 1024K, 1 young (1024K), 1 survivors (1024K)
 Metaspace       used 8651K, committed 8832K, reserved 1064960K
  class space    used 995K, committed 1088K, reserved 1048576K
}
Event: 0.824 GC heap before
{Heap before GC invocations=7 (full 0):
 garbage-first heap   total 11264K, used 5049K [0x00000000c1800000, 0x0000000100000000)
  region size 1024K, 2 young (2048K), 1 survivors (1024K)
 Metaspace       used 8674K, committed 8896K, reserved 1064960K
  class space    used 995K, committed 1088K, reserved 1048576K
}
Event: 0.826 GC heap after
{Heap after GC invocations=8 (full 0):
 garbage-first heap   total 11264K, used 4148K [0x00000000c1800000, 0x0000000100000000)
  region size 1024K, 1 young (1024K), 1 survivors (1024K)
 Metaspace       used 8674K, committed 8896K, reserved 1064960K
  class space    used 995K, committed 1088K, reserved 1048576K
}
Event: 0.865 GC heap before
{Heap before GC invocations=8 (full 0):
 garbage-first heap   total 11264K, used 5172K [0x00000000c1800000, 0x0000000100000000)
  region size 1024K, 2 young (2048K), 1 survivors (1024K)
 Metaspace       used 8722K, committed 8896K, reserved 1064960K
  class space    used 995K, committed 1088K, reserved 1048576K
}
Event: 0.867 GC heap after
{Heap after GC invocations=9 (full 0):
 garbage-first heap   total 18432K, used 4194K [0x00000000c1800000, 0x0000000100000000)
  region size 1024K, 1 young (1024K), 1 survivors (1024K)
 Metaspace       used 8722K, committed 8896K, reserved 1064960K
  class space    used 995K, committed 1088K, reserved 1048576K
}
Event: 0.946 GC heap before
{Heap before GC invocations=9 (full 0):
 garbage-first heap   total 18432K, used 10338K [0x00000000c1800000, 0x0000000100000000)
  region size 1024K, 7 young (7168K), 1 survivors (1024K)
 Metaspace       used 8831K, committed 9024K, reserved 1064960K
  class space    used 1001K, committed 1088K, reserved 1048576K
}
Event: 0.949 GC heap after
{Heap after GC invocations=10 (full 0):
 garbage-first heap   total 18432K, used 4915K [0x00000000c1800000, 0x0000000100000000)
  region size 1024K, 1 young (1024K), 1 survivors (1024K)
 Metaspace       used 8831K, committed 9024K, reserved 1064960K
  class space    used 1001K, committed 1088K, reserved 1048576K
}
Event: 1.063 GC heap before
{Heap before GC invocations=10 (full 0):
 garbage-first heap   total 18432K, used 11059K [0x00000000c1800000, 0x0000000100000000)
  region size 1024K, 7 young (7168K), 1 survivors (1024K)
 Metaspace       used 9070K, committed 9216K, reserved 1064960K
  class space    used 1025K, committed 1088K, reserved 1048576K
}
Event: 1.070 GC heap after
{Heap after GC invocations=11 (full 0):
 garbage-first heap   total 18432K, used 6288K [0x00000000c1800000, 0x0000000100000000)
  region size 1024K, 1 young (1024K), 1 survivors (1024K)
 Metaspace       used 9070K, committed 9216K, reserved 1064960K
  class space    used 1025K, committed 1088K, reserved 1048576K
}
Event: 1.243 GC heap before
{Heap before GC invocations=11 (full 0):
 garbage-first heap   total 18432K, used 11408K [0x00000000c1800000, 0x0000000100000000)
  region size 1024K, 6 young (6144K), 1 survivors (1024K)
 Metaspace       used 9474K, committed 9728K, reserved 1064960K
  class space    used 1077K, committed 1216K, reserved 1048576K
}
Event: 1.249 GC heap after
{Heap after GC invocations=12 (full 0):
 garbage-first heap   total 18432K, used 7473K [0x00000000c1800000, 0x0000000100000000)
  region size 1024K, 1 young (1024K), 1 survivors (1024K)
 Metaspace       used 9474K, committed 9728K, reserved 1064960K
  class space    used 1077K, committed 1216K, reserved 1048576K
}
Event: 1.330 GC heap before
{Heap before GC invocations=12 (full 0):
 garbage-first heap   total 18432K, used 11569K [0x00000000c1800000, 0x0000000100000000)
  region size 1024K, 5 young (5120K), 1 survivors (1024K)
 Metaspace       used 9664K, committed 9920K, reserved 1064960K
  class space    used 1092K, committed 1216K, reserved 1048576K
}

