# JRE version: Java(TM) SE Runtime Environment (16.0+36) (build 16+36-2231)
# Java VM: Java HotSpot(TM) 64-Bit Server VM (16+36-2231, mixed mode, sharing, tiered, compressed oops, g1 gc, windows-amd64)
GC Precious Log:
 CPUs: 4 total, 4 available
 Memory: 3993M
 Large Page Support: Disabled
 NUMA Support: Disabled
 Compressed Oops: Enabled (32-bit)
 Heap Region Size: 1M
 Heap Min Capacity: 8M
 Heap Initial Capacity: 64M
 Heap Max Capacity: 1000M
 Pre-touch: Disabled
 Parallel Workers: 4
 Concurrent Workers: 1
 Concurrent Refinement Workers: 4
 Periodic GC: Disabled
Heap:
 garbage-first heap   total 99328K, used 36472K [0x00000000c1800000, 0x0000000100000000)
  region size 1024K, 1 young (1024K), 1 survivors (1024K)
 Metaspace       used 7028K, committed 7232K, reserved 1056768K
  class space    used 706K, committed 832K, reserved 1048576K
GC Heap History (20 events):
Event: 1.824 GC heap after
{Heap after GC invocations=2 (full 0):
 garbage-first heap   total 65536K, used 30510K [0x00000000c1800000, 0x0000000100000000)
  region size 1024K, 1 young (1024K), 1 survivors (1024K)
 Metaspace       used 6861K, committed 7040K, reserved 1056768K
  class space    used 706K, committed 832K, reserved 1048576K
}
Event: 1.844 GC heap before
{Heap before GC invocations=3 (full 0):
 garbage-first heap   total 65536K, used 32558K [0x00000000c1800000, 0x0000000100000000)
  region size 1024K, 2 young (2048K), 1 survivors (1024K)
 Metaspace       used 6863K, committed 7040K, reserved 1056768K
  class space    used 706K, committed 832K, reserved 1048576K
}
Event: 1.846 GC heap after
{Heap after GC invocations=4 (full 0):
 garbage-first heap   total 65536K, used 20119K [0x00000000c1800000, 0x0000000100000000)
  region size 1024K, 1 young (1024K), 1 survivors (1024K)
 Metaspace       used 6863K, committed 7040K, reserved 1056768K
  class space    used 706K, committed 832K, reserved 1048576K
}
Event: 1.945 GC heap before
{Heap before GC invocations=4 (full 0):
 garbage-first heap   total 65536K, used 28311K [0x00000000c1800000, 0x0000000100000000)
  region size 1024K, 2 young (2048K), 1 survivors (1024K)
 Metaspace       used 6863K, committed 7040K, reserved 1056768K
  class space    used 706K, committed 832K, reserved 1048576K
}
Event: 1.946 GC heap after
{Heap after GC invocations=5 (full 0):
 garbage-first heap   total 65536K, used 26234K [0x00000000c1800000, 0x0000000100000000)
  region size 1024K, 1 young (1024K), 1 survivors (1024K)
 Metaspace       used 6863K, committed 7040K, reserved 1056768K
  class space    used 706K, committed 832K, reserved 1048576K
}
Event: 1.969 GC heap before
{Heap before GC invocations=5 (full 0):
 garbage-first heap   total 65536K, used 28282K [0x00000000c1800000, 0x0000000100000000)
  region size 1024K, 2 young (2048K), 1 survivors (1024K)
 Metaspace       used 6871K, committed 7040K, reserved 1056768K
  class space    used 706K, committed 832K, reserved 1048576K
}
Event: 1.971 GC heap after
{Heap after GC invocations=6 (full 0):
 garbage-first heap   total 99328K, used 20112K [0x00000000c1800000, 0x0000000100000000)
  region size 1024K, 1 young (1024K), 1 survivors (1024K)
 Metaspace       used 6871K, committed 7040K, reserved 1056768K
  class space    used 706K, committed 832K, reserved 1048576K
}
Event: 2.327 GC heap before
{Heap before GC invocations=6 (full 0):
 garbage-first heap   total 99328K, used 44688K [0x00000000c1800000, 0x0000000100000000)
  region size 1024K, 3 young (3072K), 1 survivors (1024K)
 Metaspace       used 6910K, committed 7104K, reserved 1056768K
  class space    used 706K, committed 832K, reserved 1048576K
}
Event: 2.328 GC heap after
{Heap after GC invocations=7 (full 0):
 garbage-first heap   total 99328K, used 41592K [0x00000000c1800000, 0x0000000100000000)
  region size 1024K, 1 young (1024K), 1 survivors (1024K)
 Metaspace       used 6910K, committed 7104K, reserved 1056768K
  class space    used 706K, committed 832K, reserved 1048576K
}
Event: 2.352 GC heap before
{Heap before GC invocations=7 (full 0):
 garbage-first heap   total 99328K, used 44664K [0x00000000c1800000, 0x0000000100000000)
  region size 1024K, 2 young (2048K), 1 survivors (1024K)
 Metaspace       used 6910K, committed 7104K, reserved 1056768K
  class space    used 706K, committed 832K, reserved 1048576K
}
Event: 2.354 GC heap after
{Heap after GC invocations=8 (full 0):
 garbage-first heap   total 99328K, used 22140K [0x00000000c1800000, 0x0000000100000000)
  region size 1024K, 1 young (1024K), 1 survivors (1024K)
 Metaspace       used 6910K, committed 7104K, reserved 1056768K
  class space    used 706K, committed 832K, reserved 1048576K
}
Event: 2.564 GC heap before
{Heap before GC invocations=8 (full 0):
 garbage-first heap   total 99328K, used 44668K [0x00000000c1800000, 0x0000000100000000)
  region size 1024K, 3 young (3072K), 1 survivors (1024K)
 Metaspace       used 6927K, committed 7104K, reserved 1056768K
  class space    used 706K, committed 832K, reserved 1048576K
}
Event: 2.566 GC heap after
{Heap after GC invocations=9 (full 0):
 garbage-first heap   total 99328K, used 40579K [0x00000000c1800000, 0x0000000100000000)
  region size 1024K, 1 young (1024K), 1 survivors (1024K)
 Metaspace       used 6927K, committed 7104K, reserved 1056768K
  class space    used 706K, committed 832K, reserved 1048576K
}
Event: 2.588 GC heap before
{Heap before GC invocations=9 (full 0):
 garbage-first heap   total 99328K, used 43651K [0x00000000c1800000, 0x0000000100000000)
  region size 1024K, 2 young (2048K), 1 survivors (1024K)
 Metaspace       used 6931K, committed 7104K, reserved 1056768K
  class space    used 706K, committed 832K, reserved 1048576K
}
Event: 2.589 GC heap after
{Heap after GC invocations=10 (full 0):
 garbage-first heap   total 99328K, used 22122K [0x00000000c1800000, 0x0000000100000000)
  region size 1024K, 1 young (1024K), 1 survivors (1024K)
 Metaspace       used 6931K, committed 7104K, reserved 1056768K
  class space    used 706K, committed 832K, reserved 1048576K
}
Event: 2.798 GC heap before
{Heap before GC invocations=10 (full 0):
 garbage-first heap   total 99328K, used 44650K [0x00000000c1800000, 0x0000000100000000)
  region size 1024K, 3 young (3072K), 1 survivors (1024K)
 Metaspace       used 7014K, committed 7232K, reserved 1056768K
  class space    used 706K, committed 832K, reserved 1048576K
}
Event: 2.800 GC heap after
{Heap after GC invocations=11 (full 0):
 garbage-first heap   total 99328K, used 40566K [0x00000000c1800000, 0x0000000100000000)
  region size 1024K, 1 young (1024K), 1 survivors (1024K)
 Metaspace       used 7014K, committed 7232K, reserved 1056768K
  class space    used 706K, committed 832K, reserved 1048576K
}
Event: 2.820 GC heap before
{Heap before GC invocations=11 (full 0):
 garbage-first heap   total 99328K, used 44662K [0x00000000c1800000, 0x0000000100000000)
  region size 1024K, 2 young (2048K), 1 survivors (1024K)
 Metaspace       used 7015K, committed 7232K, reserved 1056768K
  class space    used 706K, committed 832K, reserved 1048576K
}
Event: 2.822 GC heap after
{Heap after GC invocations=12 (full 0):
 garbage-first heap   total 99328K, used 24181K [0x00000000c1800000, 0x0000000100000000)
  region size 1024K, 1 young (1024K), 1 survivors (1024K)
 Metaspace       used 7015K, committed 7232K, reserved 1056768K
  class space    used 706K, committed 832K, reserved 1048576K
}
Event: 2.986 GC heap before
{Heap before GC invocations=12 (full 0):
 garbage-first heap   total 99328K, used 41589K [0x00000000c1800000, 0x0000000100000000)
  region size 1024K, 3 young (3072K), 1 survivors (1024K)
 Metaspace       used 7028K, committed 7232K, reserved 1056768K
  class space    used 706K, committed 832K, reserved 1048576K
}

