# JRE version: Java(TM) SE Runtime Environment (16.0+36) (build 16+36-2231)
# Java VM: Java HotSpot(TM) 64-Bit Server VM (16+36-2231, mixed mode, sharing, tiered, compressed oops, g1 gc, windows-amd64)
GC Precious Log:
 CPUs: 4 total, 4 available
 Memory: 3993M
 Large Page Support: Disabled
 NUMA Support: Disabled
 Compressed Oops: Enabled (32-bit)
 Heap Region Size: 1M
 Heap Min Capacity: 8M
 Heap Initial Capacity: 8M
 Heap Max Capacity: 1000M
 Pre-touch: Disabled
 Parallel Workers: 4
 Concurrent Workers: 1
 Concurrent Refinement Workers: 4
 Periodic GC: Disabled
Heap:
 garbage-first heap   total 26624K, used 15968K [0x00000000c1800000, 0x0000000100000000)
  region size 1024K, 9 young (9216K), 2 survivors (2048K)
 Metaspace       used 10143K, committed 10368K, reserved 1064960K
  class space    used 1140K, committed 1280K, reserved 1048576K
GC Heap History (20 events):
Event: 0.752 GC heap before
{Heap before GC invocations=4 (full 0):
 garbage-first heap   total 8192K, used 3345K [0x00000000c1800000, 0x0000000100000000)
  region size 1024K, 2 young (2048K), 1 survivors (1024K)
 Metaspace       used 7699K, committed 7872K, reserved 1064960K
  class space    used 877K, committed 960K, reserved 1048576K
}
Event: 0.755 GC heap after
{Heap after GC invocations=5 (full 0):
 garbage-first heap   total 11264K, used 2578K [0x00000000c1800000, 0x0000000100000000)
  region size 1024K, 1 young (1024K), 1 survivors (1024K)
 Metaspace       used 7699K, committed 7872K, reserved 1064960K
  class space    used 877K, committed 960K, reserved 1048576K
}
Event: 0.966 GC heap before
{Heap before GC invocations=5 (full 0):
 garbage-first heap   total 11264K, used 4626K [0x00000000c1800000, 0x0000000100000000)
  region size 1024K, 3 young (3072K), 1 survivors (1024K)
 Metaspace       used 8351K, committed 8512K, reserved 1064960K
  class space    used 953K, committed 1024K, reserved 1048576K
}
Event: 0.970 GC heap after
{Heap after GC invocations=6 (full 0):
 garbage-first heap   total 11264K, used 3479K [0x00000000c1800000, 0x0000000100000000)
  region size 1024K, 1 young (1024K), 1 survivors (1024K)
 Metaspace       used 8351K, committed 8512K, reserved 1064960K
  class space    used 953K, committed 1024K, reserved 1048576K
}
Event: 1.112 GC heap before
{Heap before GC invocations=6 (full 0):
 garbage-first heap   total 11264K, used 5527K [0x00000000c1800000, 0x0000000100000000)
  region size 1024K, 3 young (3072K), 1 survivors (1024K)
 Metaspace       used 8680K, committed 8832K, reserved 1064960K
  class space    used 994K, committed 1024K, reserved 1048576K
}
Event: 1.115 GC heap after
{Heap after GC invocations=7 (full 0):
 garbage-first heap   total 11264K, used 4067K [0x00000000c1800000, 0x0000000100000000)
  region size 1024K, 1 young (1024K), 1 survivors (1024K)
 Metaspace       used 8680K, committed 8832K, reserved 1064960K
  class space    used 994K, committed 1024K, reserved 1048576K
}
Event: 1.133 GC heap before
{Heap before GC invocations=7 (full 0):
 garbage-first heap   total 11264K, used 5091K [0x00000000c1800000, 0x0000000100000000)
  region size 1024K, 2 young (2048K), 1 survivors (1024K)
 Metaspace       used 8704K, committed 8832K, reserved 1064960K
  class space    used 994K, committed 1024K, reserved 1048576K
}
Event: 1.134 GC heap after
{Heap after GC invocations=8 (full 0):
 garbage-first heap   total 11264K, used 4193K [0x00000000c1800000, 0x0000000100000000)
  region size 1024K, 1 young (1024K), 1 survivors (1024K)
 Metaspace       used 8704K, committed 8832K, reserved 1064960K
  class space    used 994K, committed 1024K, reserved 1048576K
}
Event: 1.152 GC heap before
{Heap before GC invocations=8 (full 0):
 garbage-first heap   total 11264K, used 5217K [0x00000000c1800000, 0x0000000100000000)
  region size 1024K, 2 young (2048K), 1 survivors (1024K)
 Metaspace       used 8734K, committed 8832K, reserved 1064960K
  class space    used 994K, committed 1024K, reserved 1048576K
}
Event: 1.154 GC heap after
{Heap after GC invocations=9 (full 0):
 garbage-first heap   total 15360K, used 4313K [0x00000000c1800000, 0x0000000100000000)
  region size 1024K, 1 young (1024K), 1 survivors (1024K)
 Metaspace       used 8734K, committed 8832K, reserved 1064960K
  class space    used 994K, committed 1024K, reserved 1048576K
}
Event: 1.352 GC heap before
{Heap before GC invocations=9 (full 0):
 garbage-first heap   total 15360K, used 8409K [0x00000000c1800000, 0x0000000100000000)
  region size 1024K, 5 young (5120K), 1 survivors (1024K)
 Metaspace       used 8837K, committed 9024K, reserved 1064960K
  class space    used 1001K, committed 1088K, reserved 1048576K
}
Event: 1.354 GC heap after
{Heap after GC invocations=10 (full 0):
 garbage-first heap   total 15360K, used 4734K [0x00000000c1800000, 0x0000000100000000)
  region size 1024K, 1 young (1024K), 1 survivors (1024K)
 Metaspace       used 8837K, committed 9024K, reserved 1064960K
  class space    used 1001K, committed 1088K, reserved 1048576K
}
Event: 1.376 GC heap before
{Heap before GC invocations=10 (full 0):
 garbage-first heap   total 15360K, used 8830K [0x00000000c1800000, 0x0000000100000000)
  region size 1024K, 5 young (5120K), 1 survivors (1024K)
 Metaspace       used 8850K, committed 9024K, reserved 1064960K
  class space    used 1001K, committed 1088K, reserved 1048576K
}
Event: 1.380 GC heap after
{Heap after GC invocations=11 (full 0):
 garbage-first heap   total 15360K, used 5237K [0x00000000c1800000, 0x0000000100000000)
  region size 1024K, 1 young (1024K), 1 survivors (1024K)
 Metaspace       used 8850K, committed 9024K, reserved 1064960K
  class space    used 1001K, committed 1088K, reserved 1048576K
}
Event: 1.498 GC heap before
{Heap before GC invocations=11 (full 0):
 garbage-first heap   total 15360K, used 9333K [0x00000000c1800000, 0x0000000100000000)
  region size 1024K, 5 young (5120K), 1 survivors (1024K)
 Metaspace       used 9073K, committed 9216K, reserved 1064960K
  class space    used 1025K, committed 1088K, reserved 1048576K
}
Event: 1.502 GC heap after
{Heap after GC invocations=12 (full 0):
 garbage-first heap   total 15360K, used 6362K [0x00000000c1800000, 0x0000000100000000)
  region size 1024K, 1 young (1024K), 1 survivors (1024K)
 Metaspace       used 9073K, committed 9216K, reserved 1064960K
  class space    used 1025K, committed 1088K, reserved 1048576K
}
Event: 1.544 GC heap before
{Heap before GC invocations=12 (full 0):
 garbage-first heap   total 15360K, used 8410K [0x00000000c1800000, 0x0000000100000000)
  region size 1024K, 4 young (4096K), 1 survivors (1024K)
 Metaspace       used 9113K, committed 9280K, reserved 1064960K
  class space    used 1029K, committed 1088K, reserved 1048576K
}
Event: 1.548 GC heap after
{Heap after GC invocations=13 (full 0):
 garbage-first heap   total 26624K, used 7257K [0x00000000c1800000, 0x0000000100000000)
  region size 1024K, 1 young (1024K), 1 survivors (1024K)
 Metaspace       used 9113K, committed 9280K, reserved 1064960K
  class space    used 1029K, committed 1088K, reserved 1048576K
}
Event: 1.784 GC heap before
{Heap before GC invocations=13 (full 0):
 garbage-first heap   total 26624K, used 16473K [0x00000000c1800000, 0x0000000100000000)
  region size 1024K, 10 young (10240K), 1 survivors (1024K)
 Metaspace       used 9858K, committed 10112K, reserved 1064960K
  class space    used 1112K, committed 1216K, reserved 1048576K
}
Event: 1.792 GC heap after
{Heap after GC invocations=14 (full 0):
 garbage-first heap   total 26624K, used 8800K [0x00000000c1800000, 0x0000000100000000)
  region size 1024K, 2 young (2048K), 2 survivors (2048K)
 Metaspace       used 9858K, committed 10112K, reserved 1064960K
  class space    used 1112K, committed 1216K, reserved 1048576K
}

